\BOOKMARK [1][-]{section.1}{Part 1}{}
\BOOKMARK [1][-]{section.2}{Answers of student jmc001. 10 attempts lasting 15.4 minutes, ending in sucess}{}
\BOOKMARK [2][-]{subsection.2.1}{All but last attempt}{section.2}
\BOOKMARK [2][-]{subsection.2.2}{9: 1 15.4 1 1}{section.2}
\BOOKMARK [1][-]{section.3}{Part 2}{}
\BOOKMARK [1][-]{section.4}{Answers of student jmc001. 5 attempts lasting 13.8 minutes, ending in sucess}{}
\BOOKMARK [2][-]{subsection.4.1}{All but last attempt}{section.4}
\BOOKMARK [2][-]{subsection.4.2}{4: 2 22.9 1 1-\(1/n\)}{section.4}
\BOOKMARK [1][-]{section.5}{Part 3}{}
\BOOKMARK [1][-]{section.6}{Answers of student jmc001. 3 attempts lasting 0.2 minutes, ending in sucess}{}
\BOOKMARK [2][-]{subsection.6.1}{All but last attempt}{section.6}
\BOOKMARK [2][-]{subsection.6.2}{2: 3 28.1 1 1-\(2/n\)}{section.6}
\BOOKMARK [1][-]{section.7}{Part 4}{}
\BOOKMARK [1][-]{section.8}{Answers of student jmc001. 15 attempts lasting 31.0 minutes, ending in sucess}{}
\BOOKMARK [2][-]{subsection.8.1}{All but last attempt}{section.8}
\BOOKMARK [2][-]{subsection.8.2}{14: 4 65.7 1 1-\(\(k-1\)/n\)}{section.8}
\BOOKMARK [1][-]{section.9}{Part 5}{}
\BOOKMARK [1][-]{section.10}{Answers of student jmc001. 2 attempts lasting 26.9 minutes, ending in sucess}{}
\BOOKMARK [2][-]{subsection.10.1}{All but last attempt}{section.10}
\BOOKMARK [2][-]{subsection.10.2}{1: 5 38.0 1 n!/nn}{section.10}
\BOOKMARK [1][-]{section.11}{Part 6}{}
\BOOKMARK [1][-]{section.12}{Answers of student jmc001. 3 attempts lasting 2.7 minutes, ending in sucess}{}
\BOOKMARK [2][-]{subsection.12.1}{All but last attempt}{section.12}
\BOOKMARK [2][-]{subsection.12.2}{2: 6 70.4 1 e\(-\(k-1\)/n\)}{section.12}
\BOOKMARK [1][-]{section.13}{HINT:}{}
\BOOKMARK [1][-]{section.14}{HINT:}{}
\BOOKMARK [1][-]{section.15}{HINT:}{}
\BOOKMARK [1][-]{section.16}{Part 7}{}
\BOOKMARK [1][-]{section.17}{Answers of student jmc001. 30 attempts lasting 54.0 minutes, ending in failure}{}
\BOOKMARK [2][-]{subsection.17.1}{All but last attempt}{section.17}
\BOOKMARK [2][-]{subsection.17.2}{29: 7 121.7 0 e[1-\(\(k-1\)/n\)]*[n!/nn]}{section.17}
