This is pdfTeXk, Version 3.141592-1.40.3 (Web2C 7.5.6) (format=pdflatex 2007.5.18)  24 JUL 2013 11:24
entering extended mode
 %&-line parsing enabled.
**Ass5Prob2.withhints.tex
(./Ass5Prob2.withhints.tex
LaTeX2e <2005/12/01>
Babel <v3.8h> and hyphenation patterns for english, usenglishmax, dumylang, noh
yphenation, arabic, basque, bulgarian, coptic, welsh, czech, slovak, german, ng
erman, danish, esperanto, spanish, catalan, galician, estonian, farsi, finnish,
 french, greek, monogreek, ancientgreek, croatian, hungarian, interlingua, ibyc
us, indonesian, icelandic, italian, latin, mongolian, dutch, norsk, polish, por
tuguese, pinyin, romanian, russian, slovenian, uppersorbian, serbian, swedish, 
turkish, ukenglish, ukrainian, loaded.
(/usr/local/texlive/2007/texmf-dist/tex/latex/base/article.cls
Document Class: article 2005/09/16 v1.4f Standard LaTeX document class
(/usr/local/texlive/2007/texmf-dist/tex/latex/base/size11.clo
File: size11.clo 2005/09/16 v1.4f Standard LaTeX file (size option)
)
\c@part=\count79
\c@section=\count80
\c@subsection=\count81
\c@subsubsection=\count82
\c@paragraph=\count83
\c@subparagraph=\count84
\c@figure=\count85
\c@table=\count86
\abovecaptionskip=\skip41
\belowcaptionskip=\skip42
\bibindent=\dimen102
)
(/usr/local/texlive/2007/texmf-dist/tex/latex/base/inputenc.sty
Package: inputenc 2006/05/05 v1.1b Input encoding file
\inpenc@prehook=\toks14
\inpenc@posthook=\toks15

(/usr/local/texlive/2007/texmf-dist/tex/latex/base/utf8.def
File: utf8.def 2006/03/30 v1.1i UTF-8 support for inputenc
Now handling font encoding OML ...
... no UTF-8 mapping file for font encoding OML
Now handling font encoding T1 ...
... processing UTF-8 mapping file for font encodingT1

(/usr/local/texlive/2007/texmf-dist/tex/latex/base/t1enc.dfu
File: t1enc.dfu 2006/03/30 v1.1i UTF-8 support for inputenc
   defining Unicode char U+00A1 (decimal 161)
   defining Unicode char U+00A3 (decimal 163)
   defining Unicode char U+00AB (decimal 171)
   defining Unicode char U+00BB (decimal 187)
   defining Unicode char U+00BF (decimal 191)
   defining Unicode char U+00C0 (decimal 192)
   defining Unicode char U+00C1 (decimal 193)
   defining Unicode char U+00C2 (decimal 194)
   defining Unicode char U+00C3 (decimal 195)
   defining Unicode char U+00C4 (decimal 196)
   defining Unicode char U+00C5 (decimal 197)
   defining Unicode char U+00C6 (decimal 198)
   defining Unicode char U+00C7 (decimal 199)
   defining Unicode char U+00C8 (decimal 200)
   defining Unicode char U+00C9 (decimal 201)
   defining Unicode char U+00CA (decimal 202)
   defining Unicode char U+00CB (decimal 203)
   defining Unicode char U+00CC (decimal 204)
   defining Unicode char U+00CD (decimal 205)
   defining Unicode char U+00CE (decimal 206)
   defining Unicode char U+00CF (decimal 207)
   defining Unicode char U+00D0 (decimal 208)
   defining Unicode char U+00D1 (decimal 209)
   defining Unicode char U+00D2 (decimal 210)
   defining Unicode char U+00D3 (decimal 211)
   defining Unicode char U+00D4 (decimal 212)
   defining Unicode char U+00D5 (decimal 213)
   defining Unicode char U+00D6 (decimal 214)
   defining Unicode char U+00D8 (decimal 216)
   defining Unicode char U+00D9 (decimal 217)
   defining Unicode char U+00DA (decimal 218)
   defining Unicode char U+00DB (decimal 219)
   defining Unicode char U+00DC (decimal 220)
   defining Unicode char U+00DD (decimal 221)
   defining Unicode char U+00DE (decimal 222)
   defining Unicode char U+00DF (decimal 223)
   defining Unicode char U+00E0 (decimal 224)
   defining Unicode char U+00E1 (decimal 225)
   defining Unicode char U+00E2 (decimal 226)
   defining Unicode char U+00E3 (decimal 227)
   defining Unicode char U+00E4 (decimal 228)
   defining Unicode char U+00E5 (decimal 229)
   defining Unicode char U+00E6 (decimal 230)
   defining Unicode char U+00E7 (decimal 231)
   defining Unicode char U+00E8 (decimal 232)
   defining Unicode char U+00E9 (decimal 233)
   defining Unicode char U+00EA (decimal 234)
   defining Unicode char U+00EB (decimal 235)
   defining Unicode char U+00EC (decimal 236)
   defining Unicode char U+00ED (decimal 237)
   defining Unicode char U+00EE (decimal 238)
   defining Unicode char U+00EF (decimal 239)
   defining Unicode char U+00F0 (decimal 240)
   defining Unicode char U+00F1 (decimal 241)
   defining Unicode char U+00F2 (decimal 242)
   defining Unicode char U+00F3 (decimal 243)
   defining Unicode char U+00F4 (decimal 244)
   defining Unicode char U+00F5 (decimal 245)
   defining Unicode char U+00F6 (decimal 246)
   defining Unicode char U+00F8 (decimal 248)
   defining Unicode char U+00F9 (decimal 249)
   defining Unicode char U+00FA (decimal 250)
   defining Unicode char U+00FB (decimal 251)
   defining Unicode char U+00FC (decimal 252)
   defining Unicode char U+00FD (decimal 253)
   defining Unicode char U+00FE (decimal 254)
   defining Unicode char U+00FF (decimal 255)
   defining Unicode char U+0102 (decimal 258)
   defining Unicode char U+0103 (decimal 259)
   defining Unicode char U+0104 (decimal 260)
   defining Unicode char U+0105 (decimal 261)
   defining Unicode char U+0106 (decimal 262)
   defining Unicode char U+0107 (decimal 263)
   defining Unicode char U+010C (decimal 268)
   defining Unicode char U+010D (decimal 269)
   defining Unicode char U+010E (decimal 270)
   defining Unicode char U+010F (decimal 271)
   defining Unicode char U+0110 (decimal 272)
   defining Unicode char U+0111 (decimal 273)
   defining Unicode char U+0118 (decimal 280)
   defining Unicode char U+0119 (decimal 281)
   defining Unicode char U+011A (decimal 282)
   defining Unicode char U+011B (decimal 283)
   defining Unicode char U+011E (decimal 286)
   defining Unicode char U+011F (decimal 287)
   defining Unicode char U+0130 (decimal 304)
   defining Unicode char U+0131 (decimal 305)
   defining Unicode char U+0132 (decimal 306)
   defining Unicode char U+0133 (decimal 307)
   defining Unicode char U+0139 (decimal 313)
   defining Unicode char U+013A (decimal 314)
   defining Unicode char U+013D (decimal 317)
   defining Unicode char U+013E (decimal 318)
   defining Unicode char U+0141 (decimal 321)
   defining Unicode char U+0142 (decimal 322)
   defining Unicode char U+0143 (decimal 323)
   defining Unicode char U+0144 (decimal 324)
   defining Unicode char U+0147 (decimal 327)
   defining Unicode char U+0148 (decimal 328)
   defining Unicode char U+014A (decimal 330)
   defining Unicode char U+014B (decimal 331)
   defining Unicode char U+0150 (decimal 336)
   defining Unicode char U+0151 (decimal 337)
   defining Unicode char U+0152 (decimal 338)
   defining Unicode char U+0153 (decimal 339)
   defining Unicode char U+0154 (decimal 340)
   defining Unicode char U+0155 (decimal 341)
   defining Unicode char U+0158 (decimal 344)
   defining Unicode char U+0159 (decimal 345)
   defining Unicode char U+015A (decimal 346)
   defining Unicode char U+015B (decimal 347)
   defining Unicode char U+015E (decimal 350)
   defining Unicode char U+015F (decimal 351)
   defining Unicode char U+0160 (decimal 352)
   defining Unicode char U+0161 (decimal 353)
   defining Unicode char U+0162 (decimal 354)
   defining Unicode char U+0163 (decimal 355)
   defining Unicode char U+0164 (decimal 356)
   defining Unicode char U+0165 (decimal 357)
   defining Unicode char U+016E (decimal 366)
   defining Unicode char U+016F (decimal 367)
   defining Unicode char U+0170 (decimal 368)
   defining Unicode char U+0171 (decimal 369)
   defining Unicode char U+0178 (decimal 376)
   defining Unicode char U+0179 (decimal 377)
   defining Unicode char U+017A (decimal 378)
   defining Unicode char U+017B (decimal 379)
   defining Unicode char U+017C (decimal 380)
   defining Unicode char U+017D (decimal 381)
   defining Unicode char U+017E (decimal 382)
   defining Unicode char U+200C (decimal 8204)
   defining Unicode char U+2013 (decimal 8211)
   defining Unicode char U+2014 (decimal 8212)
   defining Unicode char U+2018 (decimal 8216)
   defining Unicode char U+2019 (decimal 8217)
   defining Unicode char U+201A (decimal 8218)
   defining Unicode char U+201C (decimal 8220)
   defining Unicode char U+201D (decimal 8221)
   defining Unicode char U+201E (decimal 8222)
   defining Unicode char U+2030 (decimal 8240)
   defining Unicode char U+2031 (decimal 8241)
   defining Unicode char U+2039 (decimal 8249)
   defining Unicode char U+203A (decimal 8250)
   defining Unicode char U+2423 (decimal 9251)
)
Now handling font encoding OT1 ...
... processing UTF-8 mapping file for font encodingOT1

(/usr/local/texlive/2007/texmf-dist/tex/latex/base/ot1enc.dfu
File: ot1enc.dfu 2006/03/30 v1.1i UTF-8 support for inputenc
   defining Unicode char U+00A1 (decimal 161)
   defining Unicode char U+00A3 (decimal 163)
   defining Unicode char U+00B8 (decimal 184)
   defining Unicode char U+00BF (decimal 191)
   defining Unicode char U+00C5 (decimal 197)
   defining Unicode char U+00C6 (decimal 198)
   defining Unicode char U+00D8 (decimal 216)
   defining Unicode char U+00DF (decimal 223)
   defining Unicode char U+00E6 (decimal 230)
   defining Unicode char U+00EC (decimal 236)
   defining Unicode char U+00ED (decimal 237)
   defining Unicode char U+00EE (decimal 238)
   defining Unicode char U+00EF (decimal 239)
   defining Unicode char U+00F8 (decimal 248)
   defining Unicode char U+0131 (decimal 305)
   defining Unicode char U+0141 (decimal 321)
   defining Unicode char U+0142 (decimal 322)
   defining Unicode char U+0152 (decimal 338)
   defining Unicode char U+0153 (decimal 339)
   defining Unicode char U+2013 (decimal 8211)
   defining Unicode char U+2014 (decimal 8212)
   defining Unicode char U+2018 (decimal 8216)
   defining Unicode char U+2019 (decimal 8217)
   defining Unicode char U+201C (decimal 8220)
   defining Unicode char U+201D (decimal 8221)
)
Now handling font encoding OMS ...
... processing UTF-8 mapping file for font encodingOMS

(/usr/local/texlive/2007/texmf-dist/tex/latex/base/omsenc.dfu
File: omsenc.dfu 2006/03/30 v1.1i UTF-8 support for inputenc
   defining Unicode char U+00A7 (decimal 167)
   defining Unicode char U+00B6 (decimal 182)
   defining Unicode char U+00B7 (decimal 183)
   defining Unicode char U+2020 (decimal 8224)
   defining Unicode char U+2021 (decimal 8225)
   defining Unicode char U+2022 (decimal 8226)
)
Now handling font encoding OMX ...
... no UTF-8 mapping file for font encoding OMX
Now handling font encoding U ...
... no UTF-8 mapping file for font encoding U
   defining Unicode char U+00A9 (decimal 169)
   defining Unicode char U+00AA (decimal 170)
   defining Unicode char U+00AE (decimal 174)
   defining Unicode char U+00BA (decimal 186)
   defining Unicode char U+02C6 (decimal 710)
   defining Unicode char U+02DC (decimal 732)
   defining Unicode char U+200C (decimal 8204)
   defining Unicode char U+2026 (decimal 8230)
   defining Unicode char U+2122 (decimal 8482)
   defining Unicode char U+2423 (decimal 9251)
))
(/usr/local/texlive/2007/texmf-dist/tex/latex/base/fontenc.sty
Package: fontenc 2005/09/27 v1.99g Standard LaTeX package

(/usr/local/texlive/2007/texmf-dist/tex/latex/base/t1enc.def
File: t1enc.def 2005/09/27 v1.99g Standard LaTeX file
LaTeX Font Info:    Redeclaring font encoding T1 on input line 43.
))
(/usr/local/texlive/2007/texmf-dist/tex/latex/base/fixltx2e.sty
Package: fixltx2e 2006/03/24 v1.1n fixes to LaTeX
LaTeX Info: Redefining \em on input line 420.
)
(/usr/local/texlive/2007/texmf-dist/tex/latex/graphics/graphicx.sty
Package: graphicx 1999/02/16 v1.0f Enhanced LaTeX Graphics (DPC,SPQR)

(/usr/local/texlive/2007/texmf-dist/tex/latex/graphics/keyval.sty
Package: keyval 1999/03/16 v1.13 key=value parser (DPC)
\KV@toks@=\toks16
)
(/usr/local/texlive/2007/texmf-dist/tex/latex/graphics/graphics.sty
Package: graphics 2006/02/20 v1.0o Standard LaTeX Graphics (DPC,SPQR)

(/usr/local/texlive/2007/texmf-dist/tex/latex/graphics/trig.sty
Package: trig 1999/03/16 v1.09 sin cos tan (DPC)
)
(/usr/local/texlive/2007/texmf/tex/latex/config/graphics.cfg
File: graphics.cfg 2007/01/18 v1.5 graphics configuration of teTeX/TeXLive
)
Package graphics Info: Driver file: pdftex.def on input line 90.

(/usr/local/texlive/2007/texmf-dist/tex/latex/pdftex-def/pdftex.def
File: pdftex.def 2007/01/08 v0.04d Graphics/color for pdfTeX
\Gread@gobject=\count87
))
\Gin@req@height=\dimen103
\Gin@req@width=\dimen104
)
(/usr/local/texlive/2007/texmf-dist/tex/latex/tools/longtable.sty
Package: longtable 2004/02/01 v4.11 Multi-page Table package (DPC)
\LTleft=\skip43
\LTright=\skip44
\LTpre=\skip45
\LTpost=\skip46
\LTchunksize=\count88
\LTcapwidth=\dimen105
\LT@head=\box26
\LT@firsthead=\box27
\LT@foot=\box28
\LT@lastfoot=\box29
\LT@cols=\count89
\LT@rows=\count90
\c@LT@tables=\count91
\c@LT@chunks=\count92
\LT@p@ftn=\toks17
)
(/usr/local/texlive/2007/texmf-dist/tex/latex/float/float.sty
Package: float 2001/11/08 v1.3d Float enhancements (AL)
\c@float@type=\count93
\float@exts=\toks18
\float@box=\box30
\@float@everytoks=\toks19
\@floatcapt=\box31
)
(/usr/local/texlive/2007/texmf-dist/tex/latex/wrapfig/wrapfig.sty
\wrapoverhang=\dimen106
\WF@size=\dimen107
\c@WF@wrappedlines=\count94
\WF@box=\box32
\WF@everypar=\toks20
Package: wrapfig 2003/01/31  v 3.6
)
(/usr/local/texlive/2007/texmf-dist/tex/latex/soul/soul.sty
Package: soul 2003/11/17 v2.4 letterspacing/underlining (mf)
\SOUL@word=\toks21
\SOUL@lasttoken=\toks22
\SOUL@cmds=\toks23
\SOUL@buffer=\toks24
\SOUL@token=\toks25
\SOUL@spaceskip=\skip47
\SOUL@ttwidth=\dimen108
\SOUL@uldp=\dimen109
\SOUL@ulht=\dimen110
)
(/usr/local/texlive/2007/texmf-dist/tex/latex/base/textcomp.sty
Package: textcomp 2005/09/27 v1.99g Standard LaTeX package
Package textcomp Info: Sub-encoding information:
(textcomp)               5 = only ISO-Adobe without \textcurrency
(textcomp)               4 = 5 + \texteuro
(textcomp)               3 = 4 + \textohm
(textcomp)               2 = 3 + \textestimated + \textcurrency
(textcomp)               1 = TS1 - \textcircled - \t
(textcomp)               0 = TS1 (full)
(textcomp)             Font families with sub-encoding setting implement
(textcomp)             only a restricted character set as indicated.
(textcomp)             Family '?' is the default used for unknown fonts.
(textcomp)             See the documentation for details.
Package textcomp Info: Setting ? sub-encoding to TS1/1 on input line 71.

(/usr/local/texlive/2007/texmf-dist/tex/latex/base/ts1enc.def
File: ts1enc.def 2001/06/05 v3.0e (jk/car/fm) Standard LaTeX file
Now handling font encoding TS1 ...
... processing UTF-8 mapping file for font encoding TS1

(/usr/local/texlive/2007/texmf-dist/tex/latex/base/ts1enc.dfu
File: ts1enc.dfu 2006/03/30 v1.1i UTF-8 support for inputenc
   defining Unicode char U+00A2 (decimal 162)
   defining Unicode char U+00A3 (decimal 163)
   defining Unicode char U+00A4 (decimal 164)
   defining Unicode char U+00A5 (decimal 165)
   defining Unicode char U+00A6 (decimal 166)
   defining Unicode char U+00A7 (decimal 167)
   defining Unicode char U+00A8 (decimal 168)
   defining Unicode char U+00A9 (decimal 169)
   defining Unicode char U+00AA (decimal 170)
   defining Unicode char U+00AC (decimal 172)
   defining Unicode char U+00AE (decimal 174)
   defining Unicode char U+00AF (decimal 175)
   defining Unicode char U+00B0 (decimal 176)
   defining Unicode char U+00B1 (decimal 177)
   defining Unicode char U+00B2 (decimal 178)
   defining Unicode char U+00B3 (decimal 179)
   defining Unicode char U+00B4 (decimal 180)
   defining Unicode char U+00B5 (decimal 181)
   defining Unicode char U+00B6 (decimal 182)
   defining Unicode char U+00B7 (decimal 183)
   defining Unicode char U+00B9 (decimal 185)
   defining Unicode char U+00BA (decimal 186)
   defining Unicode char U+00BC (decimal 188)
   defining Unicode char U+00BD (decimal 189)
   defining Unicode char U+00BE (decimal 190)
   defining Unicode char U+00D7 (decimal 215)
   defining Unicode char U+00F7 (decimal 247)
   defining Unicode char U+0192 (decimal 402)
   defining Unicode char U+02C7 (decimal 711)
   defining Unicode char U+02D8 (decimal 728)
   defining Unicode char U+02DD (decimal 733)
   defining Unicode char U+0E3F (decimal 3647)
   defining Unicode char U+2016 (decimal 8214)
   defining Unicode char U+2020 (decimal 8224)
   defining Unicode char U+2021 (decimal 8225)
   defining Unicode char U+2022 (decimal 8226)
   defining Unicode char U+2030 (decimal 8240)
   defining Unicode char U+2031 (decimal 8241)
   defining Unicode char U+203B (decimal 8251)
   defining Unicode char U+203D (decimal 8253)
   defining Unicode char U+2044 (decimal 8260)
   defining Unicode char U+204E (decimal 8270)
   defining Unicode char U+2052 (decimal 8274)
   defining Unicode char U+20A1 (decimal 8353)
   defining Unicode char U+20A4 (decimal 8356)
   defining Unicode char U+20A6 (decimal 8358)
   defining Unicode char U+20A9 (decimal 8361)
   defining Unicode char U+20AB (decimal 8363)
   defining Unicode char U+20AC (decimal 8364)
   defining Unicode char U+20B1 (decimal 8369)
   defining Unicode char U+2103 (decimal 8451)
   defining Unicode char U+2116 (decimal 8470)
   defining Unicode char U+2117 (decimal 8471)
   defining Unicode char U+211E (decimal 8478)
   defining Unicode char U+2120 (decimal 8480)
   defining Unicode char U+2122 (decimal 8482)
   defining Unicode char U+2126 (decimal 8486)
   defining Unicode char U+2127 (decimal 8487)
   defining Unicode char U+212E (decimal 8494)
   defining Unicode char U+2190 (decimal 8592)
   defining Unicode char U+2191 (decimal 8593)
   defining Unicode char U+2192 (decimal 8594)
   defining Unicode char U+2193 (decimal 8595)
   defining Unicode char U+2329 (decimal 9001)
   defining Unicode char U+232A (decimal 9002)
   defining Unicode char U+2422 (decimal 9250)
   defining Unicode char U+25E6 (decimal 9702)
   defining Unicode char U+25EF (decimal 9711)
   defining Unicode char U+266A (decimal 9834)
))
LaTeX Info: Redefining \oldstylenums on input line 266.
Package textcomp Info: Setting cmr sub-encoding to TS1/0 on input line 281.
Package textcomp Info: Setting cmss sub-encoding to TS1/0 on input line 282.
Package textcomp Info: Setting cmtt sub-encoding to TS1/0 on input line 283.
Package textcomp Info: Setting cmvtt sub-encoding to TS1/0 on input line 284.
Package textcomp Info: Setting cmbr sub-encoding to TS1/0 on input line 285.
Package textcomp Info: Setting cmtl sub-encoding to TS1/0 on input line 286.
Package textcomp Info: Setting ccr sub-encoding to TS1/0 on input line 287.
Package textcomp Info: Setting ptm sub-encoding to TS1/4 on input line 288.
Package textcomp Info: Setting pcr sub-encoding to TS1/4 on input line 289.
Package textcomp Info: Setting phv sub-encoding to TS1/4 on input line 290.
Package textcomp Info: Setting ppl sub-encoding to TS1/3 on input line 291.
Package textcomp Info: Setting pag sub-encoding to TS1/4 on input line 292.
Package textcomp Info: Setting pbk sub-encoding to TS1/4 on input line 293.
Package textcomp Info: Setting pnc sub-encoding to TS1/4 on input line 294.
Package textcomp Info: Setting pzc sub-encoding to TS1/4 on input line 295.
Package textcomp Info: Setting bch sub-encoding to TS1/4 on input line 296.
Package textcomp Info: Setting put sub-encoding to TS1/5 on input line 297.
Package textcomp Info: Setting uag sub-encoding to TS1/5 on input line 298.
Package textcomp Info: Setting ugq sub-encoding to TS1/5 on input line 299.
Package textcomp Info: Setting ul8 sub-encoding to TS1/4 on input line 300.
Package textcomp Info: Setting ul9 sub-encoding to TS1/4 on input line 301.
Package textcomp Info: Setting augie sub-encoding to TS1/5 on input line 302.
Package textcomp Info: Setting dayrom sub-encoding to TS1/3 on input line 303.
Package textcomp Info: Setting dayroms sub-encoding to TS1/3 on input line 304.

Package textcomp Info: Setting pxr sub-encoding to TS1/0 on input line 305.
Package textcomp Info: Setting pxss sub-encoding to TS1/0 on input line 306.
Package textcomp Info: Setting pxtt sub-encoding to TS1/0 on input line 307.
Package textcomp Info: Setting txr sub-encoding to TS1/0 on input line 308.
Package textcomp Info: Setting txss sub-encoding to TS1/0 on input line 309.
Package textcomp Info: Setting txtt sub-encoding to TS1/0 on input line 310.
Package textcomp Info: Setting futs sub-encoding to TS1/4 on input line 311.
Package textcomp Info: Setting futx sub-encoding to TS1/4 on input line 312.
Package textcomp Info: Setting futj sub-encoding to TS1/4 on input line 313.
Package textcomp Info: Setting hlh sub-encoding to TS1/3 on input line 314.
Package textcomp Info: Setting hls sub-encoding to TS1/3 on input line 315.
Package textcomp Info: Setting hlst sub-encoding to TS1/3 on input line 316.
Package textcomp Info: Setting hlct sub-encoding to TS1/5 on input line 317.
Package textcomp Info: Setting hlx sub-encoding to TS1/5 on input line 318.
Package textcomp Info: Setting hlce sub-encoding to TS1/5 on input line 319.
Package textcomp Info: Setting hlcn sub-encoding to TS1/5 on input line 320.
Package textcomp Info: Setting hlcw sub-encoding to TS1/5 on input line 321.
Package textcomp Info: Setting hlcf sub-encoding to TS1/5 on input line 322.
Package textcomp Info: Setting pplx sub-encoding to TS1/3 on input line 323.
Package textcomp Info: Setting pplj sub-encoding to TS1/3 on input line 324.
Package textcomp Info: Setting ptmx sub-encoding to TS1/4 on input line 325.
Package textcomp Info: Setting ptmj sub-encoding to TS1/4 on input line 326.
)
(/usr/local/texlive/2007/texmf-dist/tex/latex/marvosym/marvosym.sty
Package: marvosym 2006/05/11 v2.1 Martin Vogel's Symbols font definitions
)
(/usr/local/texlive/2007/texmf-dist/tex/latex/wasysym/wasysym.sty
Package: wasysym 2003/10/30 v2.0 Wasy-2 symbol support package
\symwasy=\mathgroup4
LaTeX Font Info:    Overwriting symbol font `wasy' in version `bold'
(Font)                  U/wasy/m/n --> U/wasy/b/n on input line 90.
)
(/usr/local/texlive/2007/texmf-dist/tex/latex/base/latexsym.sty
Package: latexsym 1998/08/17 v2.2e Standard LaTeX package (lasy symbols)
\symlasy=\mathgroup5
LaTeX Font Info:    Overwriting symbol font `lasy' in version `bold'
(Font)                  U/lasy/m/n --> U/lasy/b/n on input line 47.
)
(/usr/local/texlive/2007/texmf-dist/tex/latex/amsfonts/amssymb.sty
Package: amssymb 2002/01/22 v2.2d

(/usr/local/texlive/2007/texmf-dist/tex/latex/amsfonts/amsfonts.sty
Package: amsfonts 2001/10/25 v2.2f
\@emptytoks=\toks26
\symAMSa=\mathgroup6
\symAMSb=\mathgroup7
LaTeX Font Info:    Overwriting math alphabet `\mathfrak' in version `bold'
(Font)                  U/euf/m/n --> U/euf/b/n on input line 132.
))
(/usr/local/texlive/2007/texmf-dist/tex/latex/hyperref/hyperref.sty
Package: hyperref 2007/02/07 v6.75r Hypertext links for LaTeX
\@linkdim=\dimen111
\Hy@linkcounter=\count95
\Hy@pagecounter=\count96

(/usr/local/texlive/2007/texmf-dist/tex/latex/hyperref/pd1enc.def
File: pd1enc.def 2007/02/07 v6.75r Hyperref: PDFDocEncoding definition (HO)
Now handling font encoding PD1 ...
... no UTF-8 mapping file for font encoding PD1
)
(/usr/local/texlive/2007/texmf/tex/latex/config/hyperref.cfg
File: hyperref.cfg 2002/06/06 v1.2 hyperref configuration of TeXLive
)
(/usr/local/texlive/2007/texmf-dist/tex/latex/oberdiek/kvoptions.sty
Package: kvoptions 2006/08/22 v2.4 Connects package keyval with LaTeX options (
HO)
)
Package hyperref Info: Hyper figures OFF on input line 2288.
Package hyperref Info: Link nesting OFF on input line 2293.
Package hyperref Info: Hyper index ON on input line 2296.
Package hyperref Info: Plain pages OFF on input line 2303.
Package hyperref Info: Backreferencing OFF on input line 2308.

Implicit mode ON; LaTeX internals redefined
Package hyperref Info: Bookmarks ON on input line 2444.
(/usr/local/texlive/2007/texmf-dist/tex/latex/ltxmisc/url.sty
\Urlmuskip=\muskip10
Package: url 2005/06/27  ver 3.2  Verb mode for urls, etc.
)
LaTeX Info: Redefining \url on input line 2599.
\Fld@menulength=\count97
\Field@Width=\dimen112
\Fld@charsize=\dimen113
\Choice@toks=\toks27
\Field@toks=\toks28
Package hyperref Info: Hyper figures OFF on input line 3102.
Package hyperref Info: Link nesting OFF on input line 3107.
Package hyperref Info: Hyper index ON on input line 3110.
Package hyperref Info: backreferencing OFF on input line 3117.
Package hyperref Info: Link coloring OFF on input line 3122.
\Hy@abspage=\count98
\c@Item=\count99
\c@Hfootnote=\count100
)
*hyperref using default driver hpdftex*
(/usr/local/texlive/2007/texmf-dist/tex/latex/hyperref/hpdftex.def
File: hpdftex.def 2007/02/07 v6.75r Hyperref driver for pdfTeX
\Fld@listcount=\count101
)
No file Ass5Prob2.withhints.aux.
\openout1 = `Ass5Prob2.withhints.aux'.

LaTeX Font Info:    Checking defaults for OML/cmm/m/it on input line 28.
LaTeX Font Info:    ... okay on input line 28.
LaTeX Font Info:    Checking defaults for T1/cmr/m/n on input line 28.
LaTeX Font Info:    ... okay on input line 28.
LaTeX Font Info:    Checking defaults for OT1/cmr/m/n on input line 28.
LaTeX Font Info:    ... okay on input line 28.
LaTeX Font Info:    Checking defaults for OMS/cmsy/m/n on input line 28.
LaTeX Font Info:    ... okay on input line 28.
LaTeX Font Info:    Checking defaults for OMX/cmex/m/n on input line 28.
LaTeX Font Info:    ... okay on input line 28.
LaTeX Font Info:    Checking defaults for U/cmr/m/n on input line 28.
LaTeX Font Info:    ... okay on input line 28.
LaTeX Font Info:    Checking defaults for TS1/cmr/m/n on input line 28.
LaTeX Font Info:    Try loading font information for TS1+cmr on input line 28.
(/usr/local/texlive/2007/texmf-dist/tex/latex/base/ts1cmr.fd
File: ts1cmr.fd 1999/05/25 v2.5h Standard LaTeX font definitions
)
LaTeX Font Info:    ... okay on input line 28.
LaTeX Font Info:    Checking defaults for PD1/pdf/m/n on input line 28.
LaTeX Font Info:    ... okay on input line 28.

(/usr/local/texlive/2007/texmf-dist/tex/context/base/supp-pdf.tex
[Loading MPS to PDF converter (version 2006.09.02).]
\scratchcounter=\count102
\scratchdimen=\dimen114
\scratchbox=\box33
\nofMPsegments=\count103
\nofMParguments=\count104
\MPscratchCnt=\count105
\MPscratchDim=\dimen115
\MPnumerator=\count106
\everyMPtoPDFconversion=\toks29
)
Package hyperref Info: Link coloring OFF on input line 28.
 (/usr/local/texlive/2007/texmf-dist/tex/latex/hyperref/nameref.sty
Package: nameref 2006/12/27 v2.28 Cross-referencing by name of section

(/usr/local/texlive/2007/texmf-dist/tex/latex/oberdiek/refcount.sty
Package: refcount 2006/02/20 v3.0 Data extraction from references (HO)
)
\c@section@level=\count107
)
LaTeX Info: Redefining \ref on input line 28.
LaTeX Info: Redefining \pageref on input line 28.
\@outlinefile=\write3
\openout3 = `Ass5Prob2.withhints.out'.

LaTeX Font Info:    Try loading font information for U+wasy on input line 31.

(/usr/local/texlive/2007/texmf-dist/tex/latex/wasysym/uwasy.fd
File: uwasy.fd 2003/10/30 v2.0 Wasy-2 symbol font definitions
)
LaTeX Font Info:    Try loading font information for U+lasy on input line 31.

(/usr/local/texlive/2007/texmf-dist/tex/latex/base/ulasy.fd
File: ulasy.fd 1998/08/17 v2.2e LaTeX symbol font definitions
)
LaTeX Font Info:    Try loading font information for U+msa on input line 31.

(/usr/local/texlive/2007/texmf-dist/tex/latex/amsfonts/umsa.fd
File: umsa.fd 2002/01/19 v2.2g AMS font definitions
)
LaTeX Font Info:    Try loading font information for U+msb on input line 31.

(/usr/local/texlive/2007/texmf-dist/tex/latex/amsfonts/umsb.fd
File: umsb.fd 2002/01/19 v2.2g AMS font definitions
)
\tf@toc=\write4
\openout4 = `Ass5Prob2.withhints.toc'.


! Missing $ inserted.
<inserted text> 
                $
l.45 [``A=\left
               \{ (b$_1$,b$_2$,\ldots,b$_n$) | $\forall$ 1\leq i<j \leq n, b...

? 
! Missing \right. inserted.
<inserted text> 
                \right .
l.45 [``A=\left\{ (b$
                     _1$,b$_2$,\ldots,b$_n$) | $\forall$ 1\leq i<j \leq n, b...

? 
! Missing $ inserted.
<inserted text> 
                $
l.45 [``A=\left\{ (b$_
                      1$,b$_2$,\ldots,b$_n$) | $\forall$ 1\leq i<j \leq n, b...

? 
! Missing $ inserted.
<inserted text> 
                $
l.45 ...$_1$,b$_2$,\ldots,b$_n$) | $\forall$ 1\leq
                                                   i<j \leq n, b$_i$ $\neq$ ...

? 
! Missing $ inserted.
<inserted text> 
                $
l.45 ...s,b$_n$) | $\forall$ 1\leq i<j \leq n, b$_
                                                  i$ $\neq$ b$_j$ \right\}``]
? 
! Missing $ inserted.
<inserted text> 
                $
l.45 ...\leq i<j \leq n, b$_i$ $\neq$ b$_j$ \right
                                                  \}``]
? 
! Extra \right.
\rbrace ->\delimiter "5267309 
                              
l.45 ...eq i<j \leq n, b$_i$ $\neq$ b$_j$ \right\}
                                                  ``]
? 
! Missing $ inserted.
<inserted text> 
                $
l.46 
     
? 
[1

{/usr/local/texlive/2007/texmf-var/fonts/map/pdftex/updmap/pdftex.map}]
[2]
! Missing $ inserted.
<inserted text> 
                $
l.150   0:      5     11.2    0       1/2^
                                          (n/2)
? 
! Missing $ inserted.
<inserted text> 
                $
l.151 \subsection
                 {1:   5     38.0    1       n!/n$^n$}
? 

Package hyperref Warning: Token not allowed in a PDFDocEncoded string,
(hyperref)                removing `math shift' on input line 151.


Package hyperref Warning: Token not allowed in a PDFDocEncoded string,
(hyperref)                removing `superscript' on input line 151.


Package hyperref Warning: Token not allowed in a PDFDocEncoded string,
(hyperref)                removing `math shift' on input line 151.

[3]
! Missing $ inserted.
<inserted text> 
                $
l.160 ...f{(B)}.  Recall the inequality [`1+x \leq
                                                   e$^x$`]. Plugging [`-\fra...

? 
! Missing $ inserted.
<inserted text> 
                $
l.160 ...)}.  Recall the inequality [`1+x \leq e$^
                                                  x$`]. Plugging [`-\frac{k-...

? 
! Missing $ inserted.
<inserted text> 
                $
l.160 ...x \leq e$^x$`]. Plugging [`-\frac{k-1}{n}
                                                  `] in for [`x`], gives us ...

? 
! Extra }, or forgotten $.
\frac #1#2->{\begingroup #1\endgroup \over #2}
                                              
l.160 ...x \leq e$^x$`]. Plugging [`-\frac{k-1}{n}
                                                  `] in for [`x`], gives us ...

? 
! Missing $ inserted.
<inserted text> 
                $
l.162 
      
? 
! Missing $ inserted.
<inserted text> 
                $
l.163 ...extbf{[  6]\{Formula(``e^(-(k-1)/n)'')\}}
                                                  
? 
! Extra }, or forgotten $.
<recently read> \egroup 
                        
l.163 ...extbf{[  6]\{Formula(``e^(-(k-1)/n)'')\}}
                                                  
? 
! Missing $ inserted.
<inserted text> 
                $
l.164 \section
              {Answers of student jmc001.  3 attempts lasting 2.7 minutes, e...

? 
! Missing $ inserted.
<inserted text> 
                $
l.169   0:      6     67.7    0       e^
                                        ((k-1)/n)
? 
! Missing $ inserted.
<inserted text> 
                $
l.171 \subsection
                 {2:   6     70.4    1       e^(-(k-1)/n)}
? 
! Missing $ inserted.
<inserted text> 
                $
l.171 ...{2:   6     70.4    1       e^(-(k-1)/n)}
                                                  
? 
! Missing $ inserted.
<inserted text> 
                $
l.171 ...{2:   6     70.4    1       e^(-(k-1)/n)}
                                                  
? 

Package hyperref Warning: Token not allowed in a PDFDocEncoded string,
(hyperref)                removing `superscript' on input line 171.

! Display math should end with $$.
<to be read again> 
                   \prod 
l.189 \[$\prod
              $$_{\mathrm{i=1}}$$^3$ i$^2$ = 1$^2$ \texttimes{} 2$^2$ \textt...

? 
! Missing $ inserted.
<inserted text> 
                $
l.189 \[$\prod
              $$_{\mathrm{i=1}}$$^3$ i$^2$ = 1$^2$ \texttimes{} 2$^2$ \textt...

? 
! Missing $ inserted.
<inserted text> 
                $
l.195 [_
        ________]\{''(1-3/5)(1-4/5)''\}
? 
! Missing { inserted.
<to be read again> 
                   _
l.195 [__
         _______]\{''(1-3/5)(1-4/5)''\}
? 
! Missing { inserted.
<to be read again> 
                   _
l.195 [___
          ______]\{''(1-3/5)(1-4/5)''\}
? 
! Missing { inserted.
<to be read again> 
                   _
l.195 [____
           _____]\{''(1-3/5)(1-4/5)''\}
? 
! Missing { inserted.
<to be read again> 
                   _
l.195 [_____
            ____]\{''(1-3/5)(1-4/5)''\}
? 
! Missing { inserted.
<to be read again> 
                   _
l.195 [______
             ___]\{''(1-3/5)(1-4/5)''\}
? 
! Missing { inserted.
<to be read again> 
                   _
l.195 [_______
              __]\{''(1-3/5)(1-4/5)''\}
? 
! Missing { inserted.
<to be read again> 
                   _
l.195 [________
               _]\{''(1-3/5)(1-4/5)''\}
? 
! Missing { inserted.
<to be read again> 
                   _
l.195 [_________
                ]\{''(1-3/5)(1-4/5)''\}
? 
! Missing $ inserted.
<inserted text> 
                $
l.196 \section
              {HINT:}
? 
! Missing } inserted.
<inserted text> 
                }
l.196 \section
              {HINT:}
? 
! Missing } inserted.
<inserted text> 
                }
l.196 \section
              {HINT:}
? 
! Missing } inserted.
<inserted text> 
                }
l.196 \section
              {HINT:}
? 
! Missing } inserted.
<inserted text> 
                }
l.196 \section
              {HINT:}
? 
! Missing } inserted.
<inserted text> 
                }
l.196 \section
              {HINT:}
? 
! Missing } inserted.
<inserted text> 
                }
l.196 \section
              {HINT:}
? 
! Missing } inserted.
<inserted text> 
                }
l.196 \section
              {HINT:}
? 
! Missing } inserted.
<inserted text> 
                }
l.196 \section
              {HINT:}
? 

Overfull \hbox (8.00674pt too wide) in paragraph at lines 194--196
[]\T1/cmr/bx/n/10.95 Write the ex-panded ex-pres-sion for [`$[]$$[]$$[]$ (1-i/5
)`] [$[]$ 
 []

[4]
! Missing $ inserted.
<inserted text> 
                $
l.204 ...the following expression in the form [`e^
                                                  ($\sum$ $\cdot$)`]
? 
! Missing $ inserted.
<inserted text> 
                $
l.204 ...llowing expression in the form [`e^($\sum
                                                  $ $\cdot$)`]
? 
! Missing $ inserted.
<inserted text> 
                $
l.206 [` $\prod$$_{\mathrm{k=2}}$$^n$ e^
                                        (-(k-1)/n)'] = [_______________]\{''...

? 
! Missing { inserted.
<to be read again> 
                   _
l.206 ..._{\mathrm{k=2}}$$^n$ e^(-(k-1)/n)'] = [__
                                                  _____________]\{''e^($\sum...

? 
! Missing { inserted.
<to be read again> 
                   _
l.206 ...{\mathrm{k=2}}$$^n$ e^(-(k-1)/n)'] = [___
                                                  ____________]\{''e^($\sum$...

? 
! Missing { inserted.
<to be read again> 
                   _
l.206 ...\mathrm{k=2}}$$^n$ e^(-(k-1)/n)'] = [____
                                                  ___________]\{''e^($\sum$$...

? 
! Missing { inserted.
<to be read again> 
                   _
l.206 ...mathrm{k=2}}$$^n$ e^(-(k-1)/n)'] = [_____
                                                  __________]\{''e^($\sum$$_...

? 
! Missing { inserted.
<to be read again> 
                   _
l.206 ...athrm{k=2}}$$^n$ e^(-(k-1)/n)'] = [______
                                                  _________]\{''e^($\sum$$_{...

? 
! Missing { inserted.
<to be read again> 
                   _
l.206 ...thrm{k=2}}$$^n$ e^(-(k-1)/n)'] = [_______
                                                  ________]\{''e^($\sum$$_{\...

? 
! Missing { inserted.
<to be read again> 
                   _
l.206 ...hrm{k=2}}$$^n$ e^(-(k-1)/n)'] = [________
                                                  _______]\{''e^($\sum$$_{\m...

? 
! Missing { inserted.
<to be read again> 
                   _
l.206 ...rm{k=2}}$$^n$ e^(-(k-1)/n)'] = [_________
                                                  ______]\{''e^($\sum$$_{\ma...

? 
! Missing { inserted.
<to be read again> 
                   _
l.206 ...m{k=2}}$$^n$ e^(-(k-1)/n)'] = [__________
                                                  _____]\{''e^($\sum$$_{\mat...

? 
! Missing { inserted.
<to be read again> 
                   _
l.206 ...{k=2}}$$^n$ e^(-(k-1)/n)'] = [___________
                                                  ____]\{''e^($\sum$$_{\math...

? 
! Missing { inserted.
<to be read again> 
                   _
l.206 ...k=2}}$$^n$ e^(-(k-1)/n)'] = [____________
                                                  ___]\{''e^($\sum$$_{\mathr...

? 
! Missing { inserted.
<to be read again> 
                   _
l.206 ...=2}}$$^n$ e^(-(k-1)/n)'] = [_____________
                                                  __]\{''e^($\sum$$_{\mathrm...

? 
! Missing { inserted.
<to be read again> 
                   _
l.206 ...2}}$$^n$ e^(-(k-1)/n)'] = [______________
                                                  _]\{''e^($\sum$$_{\mathrm{...

? 
! Missing { inserted.
<to be read again> 
                   _
l.206 ...}}$$^n$ e^(-(k-1)/n)'] = [_______________
                                                  ]\{''e^($\sum$$_{\mathrm{k...

? 
! Missing } inserted.
<inserted text> 
                }
l.206 ...^(-(k-1)/n)'] = [_______________]\{''e^($
                                                  \sum$$_{\mathrm{k=2}}$$^n$
? 
! Missing } inserted.
<inserted text> 
                }
l.206 ...^(-(k-1)/n)'] = [_______________]\{''e^($
                                                  \sum$$_{\mathrm{k=2}}$$^n$
? 
! Missing } inserted.
<inserted text> 
                }
l.206 ...^(-(k-1)/n)'] = [_______________]\{''e^($
                                                  \sum$$_{\mathrm{k=2}}$$^n$
? 
! Missing } inserted.
<inserted text> 
                }
l.206 ...^(-(k-1)/n)'] = [_______________]\{''e^($
                                                  \sum$$_{\mathrm{k=2}}$$^n$
? 
! Missing } inserted.
<inserted text> 
                }
l.206 ...^(-(k-1)/n)'] = [_______________]\{''e^($
                                                  \sum$$_{\mathrm{k=2}}$$^n$
? 
! Missing } inserted.
<inserted text> 
                }
l.206 ...^(-(k-1)/n)'] = [_______________]\{''e^($
                                                  \sum$$_{\mathrm{k=2}}$$^n$
? 
! Missing } inserted.
<inserted text> 
                }
l.206 ...^(-(k-1)/n)'] = [_______________]\{''e^($
                                                  \sum$$_{\mathrm{k=2}}$$^n$
? 
! Missing } inserted.
<inserted text> 
                }
l.206 ...^(-(k-1)/n)'] = [_______________]\{''e^($
                                                  \sum$$_{\mathrm{k=2}}$$^n$
? 
! Missing } inserted.
<inserted text> 
                }
l.206 ...^(-(k-1)/n)'] = [_______________]\{''e^($
                                                  \sum$$_{\mathrm{k=2}}$$^n$
? 
! Missing } inserted.
<inserted text> 
                }
l.206 ...^(-(k-1)/n)'] = [_______________]\{''e^($
                                                  \sum$$_{\mathrm{k=2}}$$^n$
? 
! Missing } inserted.
<inserted text> 
                }
l.206 ...^(-(k-1)/n)'] = [_______________]\{''e^($
                                                  \sum$$_{\mathrm{k=2}}$$^n$
? 
! Missing } inserted.
<inserted text> 
                }
l.206 ...^(-(k-1)/n)'] = [_______________]\{''e^($
                                                  \sum$$_{\mathrm{k=2}}$$^n$
? 
! Missing } inserted.
<inserted text> 
                }
l.206 ...^(-(k-1)/n)'] = [_______________]\{''e^($
                                                  \sum$$_{\mathrm{k=2}}$$^n$
? 
! Missing } inserted.
<inserted text> 
                }
l.206 ...^(-(k-1)/n)'] = [_______________]\{''e^($
                                                  \sum$$_{\mathrm{k=2}}$$^n$
? 
! Missing $ inserted.
<inserted text> 
                $
l.206 ...k-1)/n)'] = [_______________]\{''e^($\sum
                                                  $$_{\mathrm{k=2}}$$^n$
? 
! Missing $ inserted.
<inserted text> 
                $
l.218 [`P(A) \leq
                  `] \textbf{[  7]\{Formula(``e^(-(n-1)/2)'')\}}
? 
! Missing $ inserted.
<inserted text> 
                $
l.218 ...extbf{[  7]\{Formula(``e^(-(n-1)/2)'')\}}
                                                  
? 
! Extra }, or forgotten $.
\mbox #1->\leavevmode \hbox {#1}
                                
l.218 ...extbf{[  7]\{Formula(``e^(-(n-1)/2)'')\}}
                                                  
? 
! Extra }, or forgotten $.
\nfss@text #1->{\mbox {#1}}
                           
l.218 ...extbf{[  7]\{Formula(``e^(-(n-1)/2)'')\}}
                                                  
? 
! Missing $ inserted.
<inserted text> 
                $
l.219 \section
              {Answers of student jmc001. 30 attempts lasting 54.0 minutes, ...

? 

! LaTeX Error: Something's wrong--perhaps a missing \item.

See the LaTeX manual or LaTeX Companion for explanation.
Type  H <return>  for immediate help.
 ...                                              
                                                  
l.219 \section
              {Answers of student jmc001. 30 attempts lasting 54.0 minutes, ...

? 

! LaTeX Error: Something's wrong--perhaps a missing \item.

See the LaTeX manual or LaTeX Companion for explanation.
Type  H <return>  for immediate help.
 ...                                              
                                                  
l.219 \section
              {Answers of student jmc001. 30 attempts lasting 54.0 minutes, ...

? 
! Missing } inserted.
<inserted text> 
                }
l.219 ... lasting 54.0 minutes, ending in failure}
                                                  
? 
! Missing $ inserted.
<inserted text> 
                $
l.219 ... lasting 54.0 minutes, ending in failure}
                                                  
? 
! Missing } inserted.
<inserted text> 
                }
l.219 ... lasting 54.0 minutes, ending in failure}
                                                  
? 

Overfull \hbox (457.24637pt too wide) in paragraph at lines 218--219
[]\T1/cmr/bx/n/10.95 [`P(A) $\OMS/cmsy/m/n/10.95 ^^T \OT1/cmr/m/n/10.95 `][]$ 
 []

! Missing $ inserted.
<inserted text> 
                $
l.225   1:      7     70.4    0       e^
                                        (-(k/n))
? 
! Missing $ inserted.
<inserted text> 
                $
l.226   2:      7     70.7    0       e^(-(k!/n$^
                                                 n$))
? 
! Missing $ inserted.
<inserted text> 
                $
l.227   3:      7     70.8    0       e^
                                        (k!/n$^n$)
? 
! Missing $ inserted.
<inserted text> 
                $
l.227   3:      7     70.8    0       e^(k!/n$^
                                               n$)
? 
! Missing $ inserted.
<inserted text> 
                $
l.228   4:      7     72.5    0       e^
                                        (k$^n$)
? 
! Missing $ inserted.
<inserted text> 
                $
l.228   4:      7     72.5    0       e^(k$^
                                            n$)
? 
! Missing $ inserted.
<inserted text> 
                $
l.229   5:      7     73.7    0       e^
                                        (n!/n$^n$)
? 
! Missing $ inserted.
<inserted text> 
                $
l.229   5:      7     73.7    0       e^(n!/n$^
                                               n$)
? 
! Missing $ inserted.
<inserted text> 
                $
l.230   6:      7     76.2    0       e^
                                        (n!/k!(n-k)!)
? 
! Missing $ inserted.
<inserted text> 
                $
l.235  11:      7     82.4    0       1/ek$^
                                            k$
? 
! Missing $ inserted.
<inserted text> 
                $
l.238  14:      7     83.8    0       (1-(1/n))^
                                                (n-k)
? 
! Missing $ inserted.
<inserted text> 
                $
l.239  15:      7     84.4    0       1/n$^
                                           k$
? 
! Missing $ inserted.
<inserted text> 
                $
l.241  17:      7     87.1    0       [e^
                                         (-(k-1)/n)]*(n!/n$^n$)
? 
! Missing $ inserted.
<inserted text> 
                $
l.241 ...   87.1    0       [e^(-(k-1)/n)]*(n!/n$^
                                                  n$)
? 
! Missing $ inserted.
<inserted text> 
                $
l.242  18:      7     87.6    0       [e^
                                         (-(k-1)/n)]*[1-((k-1)/n)]
? 
! Missing $ inserted.
<inserted text> 
                $
l.243 ... 7     88.8    0       [e^(-(k-1)/n)]*e$^
                                                  k$
? 
! Missing $ inserted.
<inserted text> 
                $
l.246  22:      7     99.1    0       [e^
                                         (n!/n$^n$)]*[e^(-(k-1)/n)]
? 
! Missing $ inserted.
<inserted text> 
                $
l.246  22:      7     99.1    0       [e^(n!/n$^
                                                n$)]*[e^(-(k-1)/n)]
? 
! Missing $ inserted.
<inserted text> 
                $
l.246 ... 7     99.1    0       [e^(n!/n$^n$)]*[e^
                                                  (-(k-1)/n)]
? 
! Missing $ inserted.
<inserted text> 
                $
l.247  23:      7     110.2   0       [(ne/k)$^
                                               k$]*(1/n)$^k$
? 
! Missing $ inserted.
<inserted text> 
                $
l.250  26:      7     113.7   0       e^
                                        (-[m(m-1)]/2n)
? 
! Missing $ inserted.
<inserted text> 
                $
l.251 ...    121.3   0       [1-((k-1)/n)]*[n!/n$^
                                                  n$]
? 
! Missing $ inserted.
<inserted text> 
                $
l.252  28:      7     121.5   0       e^
                                        [1-((k-1)/n)]*[n!/n$^n$]
? 
! Missing $ inserted.
<inserted text> 
                $
l.252 ...  121.5   0       e^[1-((k-1)/n)]*[n!/n$^
                                                  n$]
? 

Package hyperref Warning: Token not allowed in a PDFDocEncoded string,
(hyperref)                removing `math shift' on input line 253.


Package hyperref Warning: Token not allowed in a PDFDocEncoded string,
(hyperref)                removing `superscript' on input line 253.


Package hyperref Warning: Token not allowed in a PDFDocEncoded string,
(hyperref)                removing `superscript' on input line 253.


Package hyperref Warning: Token not allowed in a PDFDocEncoded string,
(hyperref)                removing `math shift' on input line 253.

[5] (./Ass5Prob2.withhints.aux)

LaTeX Warning: Label(s) may have changed. Rerun to get cross-references right.

 )
(\end occurred inside a group at level 2)

### simple group (level 2) entered at line 163 ({)
### simple group (level 1) entered at line 160 ({)
### bottom level 
Here is how much of TeX's memory you used:
 4800 strings out of 94073
 62584 string characters out of 1162984
 110564 words of memory out of 1500000
 7971 multiletter control sequences out of 10000+50000
 17181 words of font info for 55 fonts, out of 1200000 for 2000
 645 hyphenation exceptions out of 8191
 25i,16n,39p,375b,364s stack positions out of 5000i,500n,6000p,200000b,5000s
{/usr/local/texlive/2007/texmf-dist/fonts/enc/dvips/cm-super/cm
-super-ts1.enc}{/usr/local/texlive/2007/texmf-dist/fonts/enc/dvips/cm-super/cm-
super-t1.enc}</usr/local/texlive/2007/texmf-dist/fonts/type1/bluesky/cm/cmex10.
pfb></usr/local/texlive/2007/texmf-dist/fonts/type1/bluesky/cm/cmmi10.pfb></usr
/local/texlive/2007/texmf-dist/fonts/type1/bluesky/cm/cmmi12.pfb></usr/local/te
xlive/2007/texmf-dist/fonts/type1/bluesky/cm/cmmi6.pfb></usr/local/texlive/2007
/texmf-dist/fonts/type1/bluesky/cm/cmmi8.pfb></usr/local/texlive/2007/texmf-dis
t/fonts/type1/bluesky/cm/cmr10.pfb></usr/local/texlive/2007/texmf-dist/fonts/ty
pe1/bluesky/cm/cmr12.pfb></usr/local/texlive/2007/texmf-dist/fonts/type1/bluesk
y/cm/cmr6.pfb></usr/local/texlive/2007/texmf-dist/fonts/type1/bluesky/cm/cmr8.p
fb></usr/local/texlive/2007/texmf-dist/fonts/type1/bluesky/cm/cmsy10.pfb></usr/
local/texlive/2007/texmf-dist/fonts/type1/bluesky/cm/cmsy6.pfb></usr/local/texl
ive/2007/texmf-dist/fonts/type1/bluesky/cm/cmsy8.pfb></usr/local/texlive/2007/t
exmf-dist/fonts/type1/public/cm-super/sfbx1095.pfb></usr/local/texlive/2007/tex
mf-dist/fonts/type1/public/cm-super/sfbx1200.pfb></usr/local/texlive/2007/texmf
-dist/fonts/type1/public/cm-super/sfbx1440.pfb></usr/local/texlive/2007/texmf-d
ist/fonts/type1/public/cm-super/sfrm1095.pfb></usr/local/texlive/2007/texmf-dis
t/fonts/type1/public/cm-super/sfrm1200.pfb></usr/local/texlive/2007/texmf-dist/
fonts/type1/public/cm-super/sfrm1728.pfb>
Output written on Ass5Prob2.withhints.pdf (5 pages, 183238 bytes).
PDF statistics:
 148 PDF objects out of 1000 (max. 8388607)
 38 named destinations out of 1000 (max. 131072)
 17 words of extra memory for PDF output out of 10000 (max. 10000000)

